  Main.cpp
c:\users\jordan\documents\visual studio 2015\projects\deferredrenderer\deferredrenderer\model\../Utility/Common.h(18): warning C4005: 'PI': macro redefinition
  c:\users\jordan\documents\visual studio 2015\projects\deferredrenderer\deferredrenderer\utility\GLCamera.h(11): note: see previous definition of 'PI'
Main.cpp(161): warning C4305: 'initializing': truncation from 'double' to 'float'
Main.cpp(162): warning C4305: 'initializing': truncation from 'double' to 'float'
Main.cpp(179): warning C4244: 'initializing': conversion from 'double' to 'float', possible loss of data
Main.cpp(180): warning C4244: 'initializing': conversion from 'double' to 'float', possible loss of data
Main.cpp(181): warning C4244: 'initializing': conversion from 'double' to 'float', possible loss of data
Main.cpp(184): warning C4244: 'initializing': conversion from 'double' to 'float', possible loss of data
Main.cpp(185): warning C4244: 'initializing': conversion from 'double' to 'float', possible loss of data
Main.cpp(186): warning C4244: 'initializing': conversion from 'double' to 'float', possible loss of data
Main.cpp(233): warning C4305: 'argument': truncation from 'double' to 'float'
Main.cpp(239): warning C4305: '=': truncation from 'double' to 'float'
Main.cpp(258): warning C4305: '=': truncation from 'double' to 'float'
Main.cpp(294): warning C4267: 'argument': conversion from 'size_t' to 'int', possible loss of data
Main.cpp(335): warning C4244: 'initializing': conversion from 'double' to 'float', possible loss of data
Main.cpp(336): warning C4244: 'initializing': conversion from 'double' to 'float', possible loss of data
  Generating code
  73 of 2442 functions ( 3.0%) were compiled, the rest were copied from previous compilation.
    0 functions were new in current compilation
    20 functions had inline decision re-evaluated but remain unchanged
  Finished generating code
  DeferredRenderer.vcxproj -> c:\users\jordan\documents\visual studio 2015\Projects\DeferredRenderer\x64\Release\DeferredRenderer.exe
  DeferredRenderer.vcxproj -> c:\users\jordan\documents\visual studio 2015\Projects\DeferredRenderer\x64\Release\DeferredRenderer.pdb (Full PDB)
